<?xml version="1.0" encoding="UTF-8"?>
<testng-results total="2" passed="2" failed="0" skipped="0">
  <reporter-output>
  </reporter-output>
  <suite started-at="2024-07-19T19:26:32Z" name="Default suite" finished-at="2024-07-19T19:26:45Z" duration-ms="12708">
    <groups>
    </groups>
    <test started-at="2024-07-19T19:26:32Z" name="Default test" finished-at="2024-07-19T19:26:45Z" duration-ms="12708">
      <class name="tests.demo">
        <test-method is-config="true" signature="setup()[pri:0, instance:tests.demo@2b329bbd]" started-at="2024-07-19T14:26:32Z" name="setup" finished-at="2024-07-19T14:26:34Z" duration-ms="1661" status="PASS">
          <reporter-output>
          </reporter-output>
        </test-method> <!-- setup -->
        <test-method signature="loginToVWO()[pri:0, instance:tests.demo@2b329bbd]" started-at="2024-07-19T14:26:34Z" name="loginToVWO" finished-at="2024-07-19T14:26:37Z" duration-ms="3429" status="PASS">
          <reporter-output>
          </reporter-output>
        </test-method> <!-- loginToVWO -->
        <test-method is-config="true" signature="tearDown()[pri:0, instance:tests.demo@2b329bbd]" started-at="2024-07-19T14:26:37Z" name="tearDown" finished-at="2024-07-19T14:26:38Z" duration-ms="668" status="PASS">
          <reporter-output>
          </reporter-output>
        </test-method> <!-- tearDown -->
        <test-method is-config="true" signature="setup()[pri:0, instance:tests.demo@2b329bbd]" started-at="2024-07-19T14:26:38Z" name="setup" finished-at="2024-07-19T14:26:39Z" duration-ms="1118" status="PASS">
          <reporter-output>
          </reporter-output>
        </test-method> <!-- setup -->
        <test-method signature="verifyLoggedInUser()[pri:0, instance:tests.demo@2b329bbd]" started-at="2024-07-19T14:26:39Z" name="verifyLoggedInUser" finished-at="2024-07-19T14:26:44Z" duration-ms="5147" status="PASS">
          <reporter-output>
          </reporter-output>
        </test-method> <!-- verifyLoggedInUser -->
        <test-method is-config="true" signature="tearDown()[pri:0, instance:tests.demo@2b329bbd]" started-at="2024-07-19T14:26:44Z" name="tearDown" finished-at="2024-07-19T14:26:45Z" duration-ms="655" status="PASS">
          <reporter-output>
          </reporter-output>
        </test-method> <!-- tearDown -->
      </class> <!-- tests.demo -->
    </test> <!-- Default test -->
  </suite> <!-- Default suite -->
</testng-results>
